autohelper\modules\context\monday.py:12: error: Library stubs not installed for "requests"  [import-untyped]
autohelper\modules\context\monday.py:30: error: Missing type parameters for generic type "dict"  [type-arg]
autohelper\modules\context\monday.py:110: error: Returning Any from function declared to return "dict[str, Any]"  [no-any-return]
autohelper\modules\context\monday.py:184: error: Returning Any from function declared to return "list[dict[str, Any]]"  [no-any-return]
autohelper\modules\context\autoart.py:12: error: Library stubs not installed for "requests"  [import-untyped]
autohelper\modules\context\autoart.py:12: note: Hint: "python3 -m pip install types-requests"
autohelper\modules\context\autoart.py:12: note: (or run "mypy --install-types" to install all missing stub packages)
autohelper\modules\context\autoart.py:12: note: See https://mypy.readthedocs.io/en/stable/running_mypy.html#missing-imports
autohelper\modules\context\autoart.py:89: error: Returning Any from function declared to return "dict[str, Any]"  [no-any-return]
autohelper\modules\context\autoart.py:199: error: Returning Any from function declared to return "str | None"  [no-any-return]
autohelper\modules\context\autoart.py:233: error: Returning Any from function declared to return "str | None"  [no-any-return]
autohelper\infra\fs\onedrive.py:37: error: Unused "type: ignore" comment  [unused-ignore]
autohelper\db\migrate.py:87: error: Missing type parameters for generic type "dict"  [type-arg]
autohelper\infra\audit\audit_log.py:148: error: Returning Any from function declared to return "T"  [no-any-return]
autohelper\db\repos\root_repo.py:24: error: Missing type parameters for generic type "dict"  [type-arg]
autohelper\db\repos\root_repo.py:34: error: Missing type parameters for generic type "dict"  [type-arg]
autohelper\db\repos\root_repo.py:51: error: Missing type parameters for generic type "dict"  [type-arg]
autohelper\db\repos\root_repo.py:59: error: Missing type parameters for generic type "dict"  [type-arg]
autohelper\db\repos\index_run_repo.py:30: error: Missing type parameters for generic type "dict"  [type-arg]
autohelper\db\repos\index_run_repo.py:44: error: Missing type parameters for generic type "dict"  [type-arg]
autohelper\db\repos\index_run_repo.py:59: error: Missing type parameters for generic type "dict"  [type-arg]
autohelper\db\repos\index_run_repo.py:78: error: Missing type parameters for generic type "dict"  [type-arg]
autohelper\db\repos\file_repo.py:82: error: Returning Any from function declared to return "str"  [no-any-return]
autohelper\db\repos\file_repo.py:84: error: Missing type parameters for generic type "dict"  [type-arg]
autohelper\db\repos\file_repo.py:156: error: Missing type parameters for generic type "dict"  [type-arg]
autohelper\db\repos\file_repo.py:166: error: Missing type parameters for generic type "dict"  [type-arg]
autohelper\db\repos\file_repo.py:176: error: Missing type parameters for generic type "dict"  [type-arg]
autohelper\db\repos\file_repo.py:205: error: Missing type parameters for generic type "dict"  [type-arg]
autohelper\db\repos\file_repo.py:222: error: Returning Any from function declared to return "int"  [no-any-return]
scripts\demo_tray_geometry.py:7: error: Function is missing a return type annotation  [no-untyped-def]
scripts\demo_tray_geometry.py:13: error: Function is missing a return type annotation  [no-untyped-def]
scripts\demo_tray_geometry.py:13: note: Use "-> None" if function does not return a value
scripts\demo_tray_geometry.py:21: error: Call to untyped function "create_icon" in typed context  [no-untyped-call]
scripts\demo_tray_geometry.py:41: error: Call to untyped function "main" in typed context  [no-untyped-call]
autohelper\modules\export\schemas.py:14: error: Missing type parameters for generic type "dict"  [type-arg]
autohelper\modules\runner\naming.py:148: error: Returning Any from function declared to return "str"  [no-any-return]
autohelper\modules\runner\naming.py:217: error: Missing type parameters for generic type "Match"  [type-arg]
autohelper\modules\filetree\service.py:65: error: Argument 2 to "execute" of "Database" has incompatible type "list[Any]"; expected "tuple[Any, ...]"  [arg-type]
autohelper\modules\filetree\service.py:78: error: Missing type parameters for generic type "dict"  [type-arg]
autohelper\modules\filetree\service.py:121: error: Missing type parameters for generic type "dict"  [type-arg]
autohelper\modules\storage\sharepoint_backend.py:38: error: Function is missing a return type annotation  [no-untyped-def]
autohelper\modules\storage\sharepoint_backend.py:95: error: Function is missing a return type annotation  [no-untyped-def]
autohelper\modules\storage\sharepoint_backend.py:98: error: Call to untyped function "_lazy_import_office365" in typed context  [no-untyped-call]
autohelper\modules\storage\sharepoint_backend.py:113: error: Call to untyped function "_get_context" in typed context  [no-untyped-call]
autohelper\modules\storage\sharepoint_backend.py:115: error: Function is missing a return type annotation  [no-untyped-def]
autohelper\modules\storage\sharepoint_backend.py:115: note: Use "-> None" if function does not return a value
autohelper\modules\storage\sharepoint_backend.py:202: error: Call to untyped function "_get_context" in typed context  [no-untyped-call]
autohelper\modules\storage\sharepoint_backend.py:204: error: Function is missing a return type annotation  [no-untyped-def]
autohelper\modules\storage\sharepoint_backend.py:204: note: Use "-> None" if function does not return a value
autohelper\modules\storage\sharepoint_backend.py:237: error: Call to untyped function "_get_context" in typed context  [no-untyped-call]
autohelper\modules\storage\sharepoint_backend.py:239: error: Function is missing a return type annotation  [no-untyped-def]
autohelper\modules\storage\sharepoint_backend.py:261: error: Call to untyped function "_get_context" in typed context  [no-untyped-call]
autohelper\modules\storage\sharepoint_backend.py:263: error: Function is missing a return type annotation  [no-untyped-def]
autohelper\modules\storage\sharepoint_backend.py:279: error: Call to untyped function "_get_context" in typed context  [no-untyped-call]
autohelper\modules\storage\sharepoint_backend.py:281: error: Function is missing a return type annotation  [no-untyped-def]
autohelper\modules\storage\sharepoint_backend.py:303: error: Call to untyped function "_get_context" in typed context  [no-untyped-call]
autohelper\modules\storage\sharepoint_backend.py:305: error: Function is missing a return type annotation  [no-untyped-def]
autohelper\modules\storage\sharepoint_backend.py:305: note: Use "-> None" if function does not return a value
autohelper\modules\storage\sharepoint_backend.py:355: error: Call to untyped function "_get_context" in typed context  [no-untyped-call]
autohelper\modules\storage\sharepoint_backend.py:357: error: Function is missing a return type annotation  [no-untyped-def]
autohelper\modules\storage\sharepoint_backend.py:375: error: Function is missing a return type annotation  [no-untyped-def]
autohelper\modules\storage\sharepoint_backend.py:411: error: Call to untyped function "_get_context" in typed context  [no-untyped-call]
autohelper\modules\storage\sharepoint_backend.py:413: error: Function is missing a return type annotation  [no-untyped-def]
autohelper\modules\runner\ssrf\validation.py:46: error: Incompatible return value type (got "list[str | int]", expected "list[str]")  [return-value]
autohelper\modules\runner\collectors\folder.py:46: error: Function is missing a return type annotation  [no-untyped-def]
autohelper\modules\runner\collectors\folder.py:46: note: Use "-> None" if function does not return a value
autohelper\modules\runner\ssrf\client.py:19: error: Function is missing a return type annotation  [no-untyped-def]
autohelper\modules\runner\ssrf\client.py:59: error: Call to untyped function "_get_httpx" in typed context  [no-untyped-call]
autohelper\modules\runner\ssrf\client.py:94: error: Returning Any from function declared to return "Response"  [no-any-return]
autohelper\modules\storage\router.py:69: error: Argument "site_url" to "SharePointStorageBackend" has incompatible type "str | None"; expected "str"  [arg-type]
autohelper\modules\storage\router.py:70: error: Argument "client_id" to "SharePointStorageBackend" has incompatible type "str | None"; expected "str"  [arg-type]
autohelper\modules\storage\router.py:71: error: Argument "client_secret" to "SharePointStorageBackend" has incompatible type "str | None"; expected "str"  [arg-type]
autohelper\modules\context\service.py:55: error: Function is missing a return type annotation  [no-untyped-def]
autohelper\modules\context\service.py:60: error: Cannot determine type of "_initialized"  [has-type]
autohelper\modules\context\service.py:63: error: Function is missing a return type annotation  [no-untyped-def]
autohelper\modules\context\service.py:63: note: Use "-> None" if function does not return a value
autohelper\modules\context\service.py:64: error: Cannot determine type of "_initialized"  [has-type]
autohelper\modules\context\service.py:279: error: Call to untyped function "ContextService" in typed context  [no-untyped-call]
autohelper\modules\runner\collectors\web.py:44: error: Function is missing a return type annotation  [no-untyped-def]
autohelper\modules\runner\collectors\web.py:121: error: Call to untyped function "_get_bs4" in typed context  [no-untyped-call]
autohelper\modules\runner\collectors\web.py:209: error: Call to untyped function "_get_bs4" in typed context  [no-untyped-call]
autohelper\modules\runner\lookup_service.py:335: error: Function is missing a return type annotation  [no-untyped-def]
autohelper\modules\mail\service.py:84: error: Need type annotation for "VIP_DOMAINS" (hint: "VIP_DOMAINS: list[<type>] = ...")  [var-annotated]
autohelper\modules\mail\service.py:158: error: Function is missing a return type annotation  [no-untyped-def]
autohelper\modules\mail\service.py:163: error: Cannot determine type of "initialized"  [has-type]
autohelper\modules\mail\service.py:166: error: Function is missing a return type annotation  [no-untyped-def]
autohelper\modules\mail\service.py:166: note: Use "-> None" if function does not return a value
autohelper\modules\mail\service.py:167: error: Cannot determine type of "initialized"  [has-type]
autohelper\modules\mail\service.py:176: error: Function is missing a return type annotation  [no-untyped-def]
autohelper\modules\mail\service.py:176: note: Use "-> None" if function does not return a value
autohelper\modules\mail\service.py:195: error: Function is missing a return type annotation  [no-untyped-def]
autohelper\modules\mail\service.py:195: note: Use "-> None" if function does not return a value
autohelper\modules\mail\service.py:207: error: Function is missing a return type annotation  [no-untyped-def]
autohelper\modules\mail\service.py:207: note: Use "-> None" if function does not return a value
autohelper\modules\mail\service.py:214: error: Call to untyped function "_check_inbox" in typed context  [no-untyped-call]
autohelper\modules\mail\service.py:227: error: Function is missing a return type annotation  [no-untyped-def]
autohelper\modules\mail\service.py:236: error: Function is missing a return type annotation  [no-untyped-def]
autohelper\modules\mail\service.py:236: note: Use "-> None" if function does not return a value
autohelper\modules\mail\service.py:238: error: Call to untyped function "_get_outlook" in typed context  [no-untyped-call]
autohelper\modules\mail\service.py:289: error: Function is missing a type annotation for one or more arguments  [no-untyped-def]
autohelper\modules\mail\service.py:350: error: Call to untyped function "_save_transient_record" in typed context  [no-untyped-call]
autohelper\modules\mail\service.py:358: error: Function is missing a type annotation for one or more arguments  [no-untyped-def]
autohelper\modules\mail\service.py:364: error: Function is missing a type annotation  [no-untyped-def]
autohelper\modules\mail\service.py:392: error: Missing type parameters for generic type "dict"  [type-arg]
autohelper\modules\mail\service.py:438: error: Call to untyped function "_get_outlook" in typed context  [no-untyped-call]
autohelper\modules\mail\service.py:493: error: Function is missing a type annotation for one or more arguments  [no-untyped-def]
autohelper\modules\mail\service.py:516: error: Function is missing a type annotation for one or more arguments  [no-untyped-def]
autohelper\modules\index\service.py:319: error: Need type annotation for "missing_by_size" (hint: "missing_by_size: dict[<type>, <type>] = ...")  [var-annotated]
autohelper\modules\index\service.py:390: error: Missing type parameters for generic type "dict"  [type-arg]
autohelper\modules\index\service.py:412: error: Missing type parameters for generic type "dict"  [type-arg]
autohelper\modules\mail\router.py:29: error: Call to untyped function "MailService" in typed context  [no-untyped-call]
autohelper\modules\mail\router.py:43: error: Call to untyped function "MailService" in typed context  [no-untyped-call]
autohelper\modules\mail\router.py:46: error: Call to untyped function "start" in typed context  [no-untyped-call]
autohelper\modules\mail\router.py:53: error: Call to untyped function "MailService" in typed context  [no-untyped-call]
autohelper\modules\mail\router.py:54: error: Call to untyped function "stop" in typed context  [no-untyped-call]
autohelper\modules\mail\router.py:210: error: Call to untyped function "MailService" in typed context  [no-untyped-call]
tests\test_search.py:13: error: Function is missing a type annotation for one or more arguments  [no-untyped-def]
tests\test_search.py:35: error: Function is missing a type annotation for one or more arguments  [no-untyped-def]
tests\test_search.py:46: error: Function is missing a type annotation for one or more arguments  [no-untyped-def]
tests\test_search.py:53: error: Function is missing a type annotation for one or more arguments  [no-untyped-def]
tests\test_search.py:61: error: Function is missing a type annotation for one or more arguments  [no-untyped-def]
tests\test_onedrive.py:154: error: Function is missing a type annotation for one or more arguments  [no-untyped-def]
tests\test_onedrive.py:192: error: Function is missing a type annotation for one or more arguments  [no-untyped-def]
tests\test_indexer.py:16: error: Function is missing a type annotation for one or more arguments  [no-untyped-def]
tests\test_indexer.py:34: error: Function is missing a type annotation for one or more arguments  [no-untyped-def]
tests\test_indexer.py:91: error: Function is missing a type annotation for one or more arguments  [no-untyped-def]
tests\test_indexer.py:101: error: Function is missing a type annotation for one or more arguments  [no-untyped-def]
tests\test_indexer.py:127: error: Function is missing a type annotation for one or more arguments  [no-untyped-def]
tests\test_indexer.py:151: error: Function is missing a type annotation for one or more arguments  [no-untyped-def]
tests\test_indexer.py:186: error: Function is missing a type annotation for one or more arguments  [no-untyped-def]
tests\test_indexer.py:209: error: Function is missing a type annotation for one or more arguments  [no-untyped-def]
tests\test_indexer.py:245: error: Function is missing a type annotation for one or more arguments  [no-untyped-def]
tests\test_indexer.py:282: error: Function is missing a type annotation for one or more arguments  [no-untyped-def]
tests\test_indexer.py:298: error: Function is missing a type annotation for one or more arguments  [no-untyped-def]
tests\test_indexer.py:362: error: Function is missing a type annotation for one or more arguments  [no-untyped-def]
tests\test_indexer.py:379: error: Function is missing a type annotation for one or more arguments  [no-untyped-def]
tests\test_index_renames.py:12: error: Function is missing a type annotation for one or more arguments  [no-untyped-def]
tests\test_index_renames.py:25: error: Function is missing a type annotation for one or more arguments  [no-untyped-def]
tests\test_index_renames.py:83: error: Function is missing a type annotation for one or more arguments  [no-untyped-def]
tests\test_index_renames.py:127: error: Item "None" of "str | None" has no attribute "lower"  [union-attr]
tests\test_index_renames.py:136: error: Item "None" of "str | None" has no attribute "lower"  [union-attr]
tests\test_index_renames.py:146: error: Function is missing a type annotation for one or more arguments  [no-untyped-def]
tests\test_filetree.py:15: error: Function is missing a type annotation for one or more arguments  [no-untyped-def]
tests\test_filetree.py:28: error: Function is missing a type annotation for one or more arguments  [no-untyped-def]
tests\test_filetree.py:57: error: Function is missing a type annotation for one or more arguments  [no-untyped-def]
tests\test_filetree.py:77: error: Function is missing a type annotation for one or more arguments  [no-untyped-def]
tests\test_filetree.py:101: error: Function is missing a type annotation for one or more arguments  [no-untyped-def]
tests\test_filetree.py:121: error: Function is missing a type annotation for one or more arguments  [no-untyped-def]
tests\test_filetree.py:133: error: Function is missing a type annotation for one or more arguments  [no-untyped-def]
tests\test_filetree.py:149: error: Function is missing a type annotation for one or more arguments  [no-untyped-def]
tests\test_filetree.py:165: error: Function is missing a type annotation for one or more arguments  [no-untyped-def]
tests\test_filetree.py:173: error: Function is missing a type annotation for one or more arguments  [no-untyped-def]
scripts\manual_verify_rename.py:22: error: Function is missing a return type annotation  [no-untyped-def]
scripts\manual_verify_rename.py:22: note: Use "-> None" if function does not return a value
scripts\manual_verify_rename.py:27: error: Function is missing a return type annotation  [no-untyped-def]
scripts\manual_verify_rename.py:27: note: Use "-> None" if function does not return a value
scripts\manual_verify_rename.py:28: error: Call to untyped function "setup_path" in typed context  [no-untyped-call]
scripts\manual_verify_rename.py:184: error: Call to untyped function "manual_test" in typed context  [no-untyped-call]
tests\test_export.py:15: error: Function is missing a type annotation for one or more arguments  [no-untyped-def]
tests\test_export.py:42: error: Function is missing a type annotation for one or more arguments  [no-untyped-def]
tests\test_export.py:86: error: Function is missing a type annotation for one or more arguments  [no-untyped-def]
tests\test_export.py:116: error: Function is missing a type annotation for one or more arguments  [no-untyped-def]
tests\test_export.py:135: error: Function is missing a type annotation for one or more arguments  [no-untyped-def]
tests\test_export.py:156: error: Function is missing a type annotation for one or more arguments  [no-untyped-def]
tests\test_export.py:184: error: Function is missing a type annotation for one or more arguments  [no-untyped-def]
autohelper\modules\runner\service.py:36: error: Missing type parameters for generic type "dict"  [type-arg]
autohelper\modules\runner\service.py:46: error: Missing type parameters for generic type "dict"  [type-arg]
autohelper\modules\runner\service.py:184: error: "Coroutine[Any, Any, AsyncIterator[RunnerProgress]]" has no attribute "__aiter__" (not async iterable)  [attr-defined]
autohelper\modules\runner\service.py:184: note: Maybe you forgot to use "await"?
autohelper\modules\runner\service.py:217: error: Call to untyped function "AutoCollectorRunner" in typed context  [no-untyped-call]
autohelper\modules\runner\autocollector.py:38: error: Function is missing a return type annotation  [no-untyped-def]
autohelper\modules\runner\autocollector.py:38: note: Use "-> None" if function does not return a value
autohelper\modules\runner\autocollector.py:41: error: Call to untyped function "FolderCollector" in typed context  [no-untyped-call]
autohelper\modules\runner\autocollector.py:49: error: Missing type parameters for generic type "dict"  [type-arg]
autohelper\modules\runner\autocollector.py:95: error: Return type "AsyncIterator[RunnerProgress]" of "invoke_stream" incompatible with return type "Coroutine[Any, Any, AsyncIterator[RunnerProgress]]" in supertype "autohelper.modules.runner.service.BaseRunner"  [override]
autohelper\modules\runner\autocollector.py:95: note: Consider declaring "invoke_stream" in supertype "autohelper.modules.runner.service.BaseRunner" without "async"
autohelper\modules\runner\autocollector.py:95: note: See https://mypy.readthedocs.io/en/stable/more_types.html#asynchronous-iterators
autohelper\modules\runner\autocollector.py:97: error: Missing type parameters for generic type "dict"  [type-arg]
tests\test_reference.py:17: error: Function is missing a type annotation for one or more arguments  [no-untyped-def]
tests\test_reference.py:41: error: Function is missing a type annotation for one or more arguments  [no-untyped-def]
tests\test_reference.py:64: error: Function is missing a type annotation for one or more arguments  [no-untyped-def]
tests\test_reference.py:114: error: Function is missing a type annotation for one or more arguments  [no-untyped-def]
tests\test_reference.py:124: error: Function is missing a type annotation for one or more arguments  [no-untyped-def]
autohelper\modules\runner\router.py:69: error: Function is missing a return type annotation  [no-untyped-def]
autohelper\modules\runner\router.py:100: error: Call to untyped function "event_generator" in typed context  [no-untyped-call]
autohelper\app.py:63: error: Call to untyped function "MailService" in typed context  [no-untyped-call]
autohelper\app.py:63: error: Call to untyped function "start" in typed context  [no-untyped-call]
autohelper\app.py:69: error: Call to untyped function "MailService" in typed context  [no-untyped-call]
autohelper\app.py:69: error: Call to untyped function "stop" in typed context  [no-untyped-call]
autohelper\app.py:120: error: Returning Any from function declared to return "Response"  [no-any-return]
tests\conftest.py:38: error: Function is missing a return type annotation  [no-untyped-def]
tests\conftest.py:50: error: Function is missing a type annotation for one or more arguments  [no-untyped-def]
autohelper\main.py:37: error: Call to untyped function "launch_config_popup" in typed context  [no-untyped-call]
autohelper\main.py:50: error: Call to untyped function "launch_config_popup" in typed context  [no-untyped-call]
Found 174 errors in 37 files (checked 104 source files)
